<?xml version="1.0" encoding="UTF-8"?>
<testsuite name="EtlTest" tests="4" skipped="0" failures="0" errors="0" timestamp="2015-11-25T11:37:32" hostname="Luiss-MacBook-Air.local" time="0.893">
  <properties/>
  <testcase name="testTransformOneValue" classname="EtlTest" time="0.649"/>
  <testcase name="testTransformMoreValues" classname="EtlTest" time="0.086"/>
  <testcase name="testMoreKeys" classname="EtlTest" time="0.065"/>
  <testcase name="testFullDataset" classname="EtlTest" time="0.034"/>
  <system-out><![CDATA[]]></system-out>
  <system-err><![CDATA[]]></system-err>
</testsuite>
