<?xml version="1.0" encoding="UTF-8"?>
<testsuite name="WordCountTest" tests="6" skipped="0" failures="0" errors="0" timestamp="2016-02-05T01:32:44" hostname="Luiss-MacBook-Air.local" time="0.726">
  <properties/>
  <testcase name="countOneWord" classname="WordCountTest" time="0.479"/>
  <testcase name="countOneOfEach" classname="WordCountTest" time="0.022"/>
  <testcase name="countMultipleOccurences" classname="WordCountTest" time="0.002"/>
  <testcase name="ignorePunctuation" classname="WordCountTest" time="0.002"/>
  <testcase name="includeNumbers" classname="WordCountTest" time="0.003"/>
  <testcase name="normalizeCase" classname="WordCountTest" time="0.079"/>
  <system-out><![CDATA[]]></system-out>
  <system-err><![CDATA[]]></system-err>
</testsuite>
